<?xml version="1.0" encoding="UTF-8"?>
<!-- Generated by org.testng.reporters.JUnitReportReporter -->
<testsuite hostname="LAPTOP-HSI96FM0" failures="0" tests="1" name="script.Login" time="16.143" errors="0" timestamp="2022-01-26T17:13:00 IST" skipped="0">
  <testcase classname="script.Login" name="createAccount" time="16.143"/>
  <system-out/>
</testsuite> <!-- script.Login -->
